Added Component: Designator=C1(CAPC3216X140N)
Added Component: Designator=C2(CAPC3216X140N)
Added Component: Designator=C3(CAPC3216X140N)
Added Component: Designator=C4(CAPC3216X140N)
Added Component: Designator=C5(CAPC3216X140N)
Added Component: Designator=C6(CAPC3216X140N)
Added Component: Designator=C7(CAPC3216X140N)
Added Component: Designator=C8(CAPC3216X140N)
Added Component: Designator=C9(CAPC3216X140N)
Added Component: Designator=D1(DIOM5326X230N)
Added Component: Designator=IC1(SOT230P700X180-4N)
Added Component: Designator=J1(HIROSE_ZX62RD-AB-5P8(30))
Added Component: Designator=LD1(LED_DIALIGHT_597-3111-507F)
Added Component: Designator=LD2(LED_DIALIGHT_597-3111-507F)
Added Component: Designator=P1(HDR2X3_CEN)
Added Component: Designator=PB1(PB_TYCO_FSMSM)
Added Component: Designator=Q1(XTAL_ABRACON_ABS25)
Added Component: Designator=R1(RESC1608X55N)
Added Component: Designator=R2(RESC1608X55N)
Added Component: Designator=R3(RESC1608X55N)
Added Component: Designator=R4(RESC1509X55N)
Added Component: Designator=R5(RESC1509X55N)
Added Component: Designator=R6(RESC1608X55N)
Added Component: Designator=R7(RESC1608X55N)
Added Component: Designator=XS1(HDR1X4 - WA)
Added Component: Designator=XS2(20SIN)
Added Component: Designator=XS3(20SIN)
Added Pin To Net: NetName=VB Pin=C1-1
Added Pin To Net: NetName=GND Pin=C1-2
Added Pin To Net: NetName=VB Pin=C2-1
Added Pin To Net: NetName=GND Pin=C2-2
Added Pin To Net: NetName=GND Pin=C3-1
Added Pin To Net: NetName=RESET Pin=C3-2
Added Pin To Net: NetName=GND Pin=C4-1
Added Pin To Net: NetName=NetC4_2 Pin=C4-2
Added Pin To Net: NetName=GND Pin=C5-1
Added Pin To Net: NetName=NetC5_2 Pin=C5-2
Added Pin To Net: NetName=NetC6_1 Pin=C6-1
Added Pin To Net: NetName=GND Pin=C6-2
Added Pin To Net: NetName=NetC7_1 Pin=C7-1
Added Pin To Net: NetName=GND Pin=C7-2
Added Pin To Net: NetName=GND Pin=C8-1
Added Pin To Net: NetName=5V Pin=C8-2
Added Pin To Net: NetName=GND Pin=C9-1
Added Pin To Net: NetName=VB Pin=C9-2
Added Pin To Net: NetName=5V Pin=D1-1
Added Pin To Net: NetName=5V Pin=D1-2
Added Pin To Net: NetName=GND Pin=IC1-1
Added Pin To Net: NetName=VB Pin=IC1-2
Added Pin To Net: NetName=5V Pin=IC1-3
Added Pin To Net: NetName=VB Pin=IC1-4
Added Pin To Net: NetName=5V Pin=J1-1
Added Pin To Net: NetName=A11 Pin=J1-2
Added Pin To Net: NetName=A12 Pin=J1-3
Added Pin To Net: NetName=GND Pin=J1-5
Added Pin To Net: NetName=GND Pin=J1-6
Added Pin To Net: NetName=GND Pin=J1-6
Added Pin To Net: NetName=GND Pin=J1-6
Added Pin To Net: NetName=GND Pin=J1-6
Added Pin To Net: NetName=GND Pin=LD1-1
Added Pin To Net: NetName=NetLD1_2 Pin=LD1-2
Added Pin To Net: NetName=C13 Pin=LD2-1
Added Pin To Net: NetName=NetLD2_2 Pin=LD2-2
Added Pin To Net: NetName=VB Pin=P1-1
Added Pin To Net: NetName=BOOT0 Pin=P1-2
Added Pin To Net: NetName=GND Pin=P1-3
Added Pin To Net: NetName=VB Pin=P1-4
Added Pin To Net: NetName=BOOT1 Pin=P1-5
Added Pin To Net: NetName=GND Pin=P1-6
Added Pin To Net: NetName=RESET Pin=PB1-1
Added Pin To Net: NetName=GND Pin=PB1-2
Added Pin To Net: NetName=C15 Pin=Q1-1
Added Pin To Net: NetName=NetC7_1 Pin=Q1-2
Added Pin To Net: NetName=NetC6_1 Pin=Q1-3
Added Pin To Net: NetName=C14 Pin=Q1-4
Added Pin To Net: NetName=NetR1_1 Pin=R1-1
Added Pin To Net: NetName=BOOT1 Pin=R1-2
Added Pin To Net: NetName=RESET Pin=R2-1
Added Pin To Net: NetName=VB Pin=R2-2
Added Pin To Net: NetName=NetR3_1 Pin=R3-1
Added Pin To Net: NetName=BOOT0 Pin=R3-2
Added Pin To Net: NetName=NetLD1_2 Pin=R4-1
Added Pin To Net: NetName=VB Pin=R4-2
Added Pin To Net: NetName=NetLD2_2 Pin=R5-1
Added Pin To Net: NetName=VB Pin=R5-2
Added Pin To Net: NetName=NetC5_2 Pin=R6-1
Added Pin To Net: NetName=NetC4_2 Pin=R6-2
Added Pin To Net: NetName=VB Pin=R7-1
Added Pin To Net: NetName=A12 Pin=R7-2
Added Pin To Net: NetName=VB Pin=XS1-1
Added Pin To Net: NetName=NetU1_34 Pin=XS1-2
Added Pin To Net: NetName=NetU1_37 Pin=XS1-3
Added Pin To Net: NetName=GND Pin=XS1-4
Added Pin To Net: NetName=B12 Pin=XS2-1
Added Pin To Net: NetName=B13 Pin=XS2-2
Added Pin To Net: NetName=B14 Pin=XS2-3
Added Pin To Net: NetName=B15 Pin=XS2-4
Added Pin To Net: NetName=A8 Pin=XS2-5
Added Pin To Net: NetName=A9 Pin=XS2-6
Added Pin To Net: NetName=A10 Pin=XS2-7
Added Pin To Net: NetName=A11 Pin=XS2-8
Added Pin To Net: NetName=A12 Pin=XS2-9
Added Pin To Net: NetName=A15 Pin=XS2-10
Added Pin To Net: NetName=B3 Pin=XS2-11
Added Pin To Net: NetName=B4 Pin=XS2-12
Added Pin To Net: NetName=B5 Pin=XS2-13
Added Pin To Net: NetName=B6 Pin=XS2-14
Added Pin To Net: NetName=B7 Pin=XS2-15
Added Pin To Net: NetName=B8 Pin=XS2-16
Added Pin To Net: NetName=B9 Pin=XS2-17
Added Pin To Net: NetName=5V Pin=XS2-18
Added Pin To Net: NetName=GND Pin=XS2-19
Added Pin To Net: NetName=VB Pin=XS2-20
Added Pin To Net: NetName=GND Pin=XS3-1
Added Pin To Net: NetName=GND Pin=XS3-2
Added Pin To Net: NetName=VB Pin=XS3-3
Added Pin To Net: NetName=RESET Pin=XS3-4
Added Pin To Net: NetName=B11 Pin=XS3-5
Added Pin To Net: NetName=B10 Pin=XS3-6
Added Pin To Net: NetName=B1 Pin=XS3-7
Added Pin To Net: NetName=B0 Pin=XS3-8
Added Pin To Net: NetName=A7 Pin=XS3-9
Added Pin To Net: NetName=A6 Pin=XS3-10
Added Pin To Net: NetName=A5 Pin=XS3-11
Added Pin To Net: NetName=A4 Pin=XS3-12
Added Pin To Net: NetName=A3 Pin=XS3-13
Added Pin To Net: NetName=A2 Pin=XS3-14
Added Pin To Net: NetName=A1 Pin=XS3-15
Added Pin To Net: NetName=A0 Pin=XS3-16
Added Pin To Net: NetName=C15 Pin=XS3-17
Added Pin To Net: NetName=C14 Pin=XS3-18
Added Pin To Net: NetName=C13 Pin=XS3-19
Added Pin To Net: NetName=VB Pin=XS3-20
Added Member To Class: ClassName=stm32f103 Member=Component C1 100nF
Added Member To Class: ClassName=stm32f103 Member=Component C2 1uF
Added Member To Class: ClassName=stm32f103 Member=Component C3 100nF
Added Member To Class: ClassName=stm32f103 Member=Component C4 22pF
Added Member To Class: ClassName=stm32f103 Member=Component C5 22pF
Added Member To Class: ClassName=stm32f103 Member=Component C6 22pF
Added Member To Class: ClassName=stm32f103 Member=Component C7 22pF
Added Member To Class: ClassName=stm32f103 Member=Component C8 100nF
Added Member To Class: ClassName=stm32f103 Member=Component C9 100nF
Added Member To Class: ClassName=stm32f103 Member=Component D1 BZG03C13
Added Member To Class: ClassName=stm32f103 Member=Component IC1 1117
Added Member To Class: ClassName=stm32f103 Member=Component J1 Micro-USB AB 2.0
Added Member To Class: ClassName=stm32f103 Member=Component LD1 Red
Added Member To Class: ClassName=stm32f103 Member=Component LD2 Red
Added Member To Class: ClassName=stm32f103 Member=Component P1 Header 3X2A
Added Member To Class: ClassName=stm32f103 Member=Component PB1 Push Button
Added Member To Class: ClassName=stm32f103 Member=Component Q1 32.768kHz
Added Member To Class: ClassName=stm32f103 Member=Component R1 10k
Added Member To Class: ClassName=stm32f103 Member=Component R2 10k
Added Member To Class: ClassName=stm32f103 Member=Component R3 10k
Added Member To Class: ClassName=stm32f103 Member=Component R4 500R
Added Member To Class: ClassName=stm32f103 Member=Component R5 500R
Added Member To Class: ClassName=stm32f103 Member=Component R6 1M
Added Member To Class: ClassName=stm32f103 Member=Component R7 1k5
Added Member To Class: ClassName=stm32f103 Member=Component XS1 Ðàçú¸ì PLS-4
Added Member To Class: ClassName=stm32f103 Member=Component XS2 Ðàçú¸ì PLS-20
Added Member To Class: ClassName=stm32f103 Member=Component XS3 Ðàçú¸ì PLS-20
